<?xml version="1.0" encoding="UTF-8"?>
<testng-results ignored="0" total="2" passed="2" failed="0" skipped="0">
  <reporter-output>
  </reporter-output>
  <suite started-at="2023-11-15T12:56:18 IST" name="Suite" finished-at="2023-11-15T12:56:48 IST" duration-ms="29553">
    <groups>
      <group name="RegressionSuite">
        <method signature="CreateNewProductTest.createNewProduct()[pri:0, instance:productTests.CreateNewProductTest@7c37508a]" name="createNewProduct" class="productTests.CreateNewProductTest"/>
        <method signature="CreateNewProductTest.createNewProduct()[pri:0, instance:productTests.CreateNewProductTest@740fb309]" name="createNewProduct" class="productTests.CreateNewProductTest"/>
      </group> <!-- RegressionSuite -->
      <group name="SmokeSuite">
        <method signature="CreateNewProductTest.createNewProduct()[pri:0, instance:productTests.CreateNewProductTest@7c37508a]" name="createNewProduct" class="productTests.CreateNewProductTest"/>
        <method signature="CreateNewProductTest.createNewProduct()[pri:0, instance:productTests.CreateNewProductTest@740fb309]" name="createNewProduct" class="productTests.CreateNewProductTest"/>
      </group> <!-- SmokeSuite -->
    </groups>
    <test started-at="2023-11-15T12:56:18 IST" name="edge" finished-at="2023-11-15T12:56:44 IST" duration-ms="25996">
      <class name="productTests.CreateNewProductTest">
        <test-method is-config="true" signature="bsConfig()[pri:0, instance:productTests.CreateNewProductTest@740fb309]" started-at="2023-11-15T12:56:18 IST" name="bsConfig" finished-at="2023-11-15T12:56:18 IST" duration-ms="14" status="PASS">
          <reporter-output>
          </reporter-output>
        </test-method> <!-- bsConfig -->
        <test-method is-config="true" signature="bcConfig(java.lang.String)[pri:0, instance:productTests.CreateNewProductTest@740fb309]" started-at="2023-11-15T12:56:18 IST" name="bcConfig" finished-at="2023-11-15T12:56:22 IST" duration-ms="3503" status="PASS">
          <params>
            <param index="0">
              <value>
                <![CDATA[edge]]>
              </value>
            </param>
          </params>
          <reporter-output>
          </reporter-output>
        </test-method> <!-- bcConfig -->
        <test-method is-config="true" signature="bmConfig()[pri:0, instance:productTests.CreateNewProductTest@740fb309]" started-at="2023-11-15T12:56:22 IST" name="bmConfig" finished-at="2023-11-15T12:56:25 IST" duration-ms="3233" status="PASS">
          <reporter-output>
          </reporter-output>
        </test-method> <!-- bmConfig -->
        <test-method signature="createNewProduct()[pri:0, instance:productTests.CreateNewProductTest@740fb309]" started-at="2023-11-15T12:56:25 IST" name="createNewProduct" finished-at="2023-11-15T12:56:40 IST" duration-ms="15242" status="PASS">
          <reporter-output>
          </reporter-output>
        </test-method> <!-- createNewProduct -->
        <test-method is-config="true" signature="amConfig()[pri:0, instance:productTests.CreateNewProductTest@740fb309]" started-at="2023-11-15T12:56:40 IST" name="amConfig" finished-at="2023-11-15T12:56:44 IST" duration-ms="3683" status="PASS">
          <reporter-output>
          </reporter-output>
        </test-method> <!-- amConfig -->
        <test-method is-config="true" signature="acConfig()[pri:0, instance:productTests.CreateNewProductTest@740fb309]" started-at="2023-11-15T12:56:44 IST" name="acConfig" finished-at="2023-11-15T12:56:44 IST" duration-ms="283" status="PASS">
          <reporter-output>
          </reporter-output>
        </test-method> <!-- acConfig -->
        <test-method is-config="true" signature="asConfig()[pri:0, instance:productTests.CreateNewProductTest@740fb309]" started-at="2023-11-15T12:56:48 IST" name="asConfig" finished-at="2023-11-15T12:56:48 IST" duration-ms="0" status="PASS">
          <reporter-output>
          </reporter-output>
        </test-method> <!-- asConfig -->
      </class> <!-- productTests.CreateNewProductTest -->
    </test> <!-- edge -->
    <test started-at="2023-11-15T12:56:18 IST" name="firefox" finished-at="2023-11-15T12:56:48 IST" duration-ms="29553">
      <class name="productTests.CreateNewProductTest">
        <test-method is-config="true" signature="bcConfig(java.lang.String)[pri:0, instance:productTests.CreateNewProductTest@7c37508a]" started-at="2023-11-15T12:56:18 IST" name="bcConfig" finished-at="2023-11-15T12:56:25 IST" duration-ms="6850" status="PASS">
          <params>
            <param index="0">
              <value>
                <![CDATA[firefox]]>
              </value>
            </param>
          </params>
          <reporter-output>
          </reporter-output>
        </test-method> <!-- bcConfig -->
        <test-method is-config="true" signature="bmConfig()[pri:0, instance:productTests.CreateNewProductTest@7c37508a]" started-at="2023-11-15T12:56:25 IST" name="bmConfig" finished-at="2023-11-15T12:56:28 IST" duration-ms="3269" status="PASS">
          <reporter-output>
          </reporter-output>
        </test-method> <!-- bmConfig -->
        <test-method signature="createNewProduct()[pri:0, instance:productTests.CreateNewProductTest@7c37508a]" started-at="2023-11-15T12:56:28 IST" name="createNewProduct" finished-at="2023-11-15T12:56:43 IST" duration-ms="14605" status="PASS">
          <reporter-output>
          </reporter-output>
        </test-method> <!-- createNewProduct -->
        <test-method is-config="true" signature="amConfig()[pri:0, instance:productTests.CreateNewProductTest@7c37508a]" started-at="2023-11-15T12:56:43 IST" name="amConfig" finished-at="2023-11-15T12:56:47 IST" duration-ms="3563" status="PASS">
          <reporter-output>
          </reporter-output>
        </test-method> <!-- amConfig -->
        <test-method is-config="true" signature="acConfig()[pri:0, instance:productTests.CreateNewProductTest@7c37508a]" started-at="2023-11-15T12:56:47 IST" name="acConfig" finished-at="2023-11-15T12:56:48 IST" duration-ms="1255" status="PASS">
          <reporter-output>
          </reporter-output>
        </test-method> <!-- acConfig -->
      </class> <!-- productTests.CreateNewProductTest -->
    </test> <!-- firefox -->
  </suite> <!-- Suite -->
</testng-results>
