<?xml version="1.0" encoding="UTF-8"?>
<testng-results ignored="0" total="2" passed="2" failed="0" skipped="0">
  <reporter-output>
  </reporter-output>
  <suite started-at="2024-03-17T23:05:18 IST" name="Suite" finished-at="2024-03-17T23:05:46 IST" duration-ms="28115">
    <groups>
      <group name="RegressionSuite">
        <method signature="CreateNewProductTest.createNewProduct()[pri:0, instance:productTests.CreateNewProductTest@302c971f]" name="createNewProduct" class="productTests.CreateNewProductTest"/>
        <method signature="CreateNewProductTest.createNewProduct()[pri:0, instance:productTests.CreateNewProductTest@790da477]" name="createNewProduct" class="productTests.CreateNewProductTest"/>
      </group> <!-- RegressionSuite -->
      <group name="SmokeSuite">
        <method signature="CreateNewProductTest.createNewProduct()[pri:0, instance:productTests.CreateNewProductTest@302c971f]" name="createNewProduct" class="productTests.CreateNewProductTest"/>
        <method signature="CreateNewProductTest.createNewProduct()[pri:0, instance:productTests.CreateNewProductTest@790da477]" name="createNewProduct" class="productTests.CreateNewProductTest"/>
      </group> <!-- SmokeSuite -->
    </groups>
    <test started-at="2024-03-17T23:05:18 IST" name="edge" finished-at="2024-03-17T23:05:46 IST" duration-ms="27757">
      <class name="productTests.CreateNewProductTest">
        <test-method is-config="true" signature="bsConfig()[pri:0, instance:productTests.CreateNewProductTest@790da477]" started-at="2024-03-17T23:05:18 IST" name="bsConfig" finished-at="2024-03-17T23:05:18 IST" duration-ms="13" status="PASS">
          <reporter-output>
          </reporter-output>
        </test-method> <!-- bsConfig -->
        <test-method is-config="true" signature="bcConfig()[pri:0, instance:productTests.CreateNewProductTest@790da477]" started-at="2024-03-17T23:05:18 IST" name="bcConfig" finished-at="2024-03-17T23:05:25 IST" duration-ms="6691" status="PASS">
          <reporter-output>
          </reporter-output>
        </test-method> <!-- bcConfig -->
        <test-method is-config="true" signature="bmConfig()[pri:0, instance:productTests.CreateNewProductTest@790da477]" started-at="2024-03-17T23:05:25 IST" name="bmConfig" finished-at="2024-03-17T23:05:28 IST" duration-ms="3201" status="PASS">
          <reporter-output>
          </reporter-output>
        </test-method> <!-- bmConfig -->
        <test-method signature="createNewProduct()[pri:0, instance:productTests.CreateNewProductTest@790da477]" started-at="2024-03-17T23:05:28 IST" name="createNewProduct" finished-at="2024-03-17T23:05:42 IST" duration-ms="13287" status="PASS">
          <reporter-output>
          </reporter-output>
        </test-method> <!-- createNewProduct -->
        <test-method is-config="true" signature="amConfig()[pri:0, instance:productTests.CreateNewProductTest@790da477]" started-at="2024-03-17T23:05:42 IST" name="amConfig" finished-at="2024-03-17T23:05:45 IST" duration-ms="3449" status="PASS">
          <reporter-output>
          </reporter-output>
        </test-method> <!-- amConfig -->
        <test-method is-config="true" signature="acConfig()[pri:0, instance:productTests.CreateNewProductTest@790da477]" started-at="2024-03-17T23:05:45 IST" name="acConfig" finished-at="2024-03-17T23:05:46 IST" duration-ms="1088" status="PASS">
          <reporter-output>
          </reporter-output>
        </test-method> <!-- acConfig -->
        <test-method is-config="true" signature="asConfig()[pri:0, instance:productTests.CreateNewProductTest@790da477]" started-at="2024-03-17T23:05:46 IST" name="asConfig" finished-at="2024-03-17T23:05:46 IST" duration-ms="1" status="PASS">
          <reporter-output>
          </reporter-output>
        </test-method> <!-- asConfig -->
      </class> <!-- productTests.CreateNewProductTest -->
    </test> <!-- edge -->
    <test started-at="2024-03-17T23:05:18 IST" name="firefox" finished-at="2024-03-17T23:05:46 IST" duration-ms="28115">
      <class name="productTests.CreateNewProductTest">
        <test-method is-config="true" signature="bcConfig()[pri:0, instance:productTests.CreateNewProductTest@302c971f]" started-at="2024-03-17T23:05:18 IST" name="bcConfig" finished-at="2024-03-17T23:05:25 IST" duration-ms="6625" status="PASS">
          <reporter-output>
          </reporter-output>
        </test-method> <!-- bcConfig -->
        <test-method is-config="true" signature="bmConfig()[pri:0, instance:productTests.CreateNewProductTest@302c971f]" started-at="2024-03-17T23:05:25 IST" name="bmConfig" finished-at="2024-03-17T23:05:28 IST" duration-ms="3041" status="PASS">
          <reporter-output>
          </reporter-output>
        </test-method> <!-- bmConfig -->
        <test-method signature="createNewProduct()[pri:0, instance:productTests.CreateNewProductTest@302c971f]" started-at="2024-03-17T23:05:28 IST" name="createNewProduct" finished-at="2024-03-17T23:05:42 IST" duration-ms="13818" status="PASS">
          <reporter-output>
          </reporter-output>
        </test-method> <!-- createNewProduct -->
        <test-method is-config="true" signature="amConfig()[pri:0, instance:productTests.CreateNewProductTest@302c971f]" started-at="2024-03-17T23:05:42 IST" name="amConfig" finished-at="2024-03-17T23:05:45 IST" duration-ms="3399" status="PASS">
          <reporter-output>
          </reporter-output>
        </test-method> <!-- amConfig -->
        <test-method is-config="true" signature="acConfig()[pri:0, instance:productTests.CreateNewProductTest@302c971f]" started-at="2024-03-17T23:05:45 IST" name="acConfig" finished-at="2024-03-17T23:05:46 IST" duration-ms="1181" status="PASS">
          <reporter-output>
          </reporter-output>
        </test-method> <!-- acConfig -->
      </class> <!-- productTests.CreateNewProductTest -->
    </test> <!-- firefox -->
  </suite> <!-- Suite -->
</testng-results>
